Level,Date and Time,Source,Event ID,Task Category
Information,11/1/2022 10:45:01 AM,Microsoft-Windows-TerminalServices-LocalSessionManager,25,None,"Remote Desktop Services: Session reconnection succeeded:

User: WIN-LQJ87IMDJA3\Administrator
Session ID: 1
Source Network Address: 192.168.22.1"
Information,11/1/2022 10:44:58 AM,Microsoft-Windows-TerminalServices-LocalSessionManager,24,None,"Remote Desktop Services: Session has been disconnected:

User: WIN-LQJ87IMDJA3\Administrator
Session ID: 1
Source Network Address: LOCAL"
Information,11/1/2022 10:44:58 AM,Microsoft-Windows-TerminalServices-LocalSessionManager,40,None,"Session 1 has been disconnected, reason code 5"
Information,11/1/2022 4:31:08 PM,Microsoft-Windows-TerminalServices-LocalSessionManager,22,None,"Remote Desktop Services: Shell start notification received:

User: WIN-LQJ87IMDJA3\Administrator
Session ID: 1
Source Network Address: LOCAL"
Information,11/1/2022 4:31:07 PM,Microsoft-Windows-TerminalServices-LocalSessionManager,21,None,"Remote Desktop Services: Session logon succeeded:

User: WIN-LQJ87IMDJA3\Administrator
Session ID: 1
Source Network Address: LOCAL"
Information,11/1/2022 4:31:07 PM,Microsoft-Windows-TerminalServices-LocalSessionManager,42,None,"End session arbitration:

User: WIN-LQJ87IMDJA3\Administrator
Session ID: 1"
Information,11/1/2022 4:31:07 PM,Microsoft-Windows-TerminalServices-LocalSessionManager,41,None,"Begin session arbitration:

User: WIN-LQJ87IMDJA3\Administrator
Session ID: 1"
Information,11/1/2022 4:30:38 PM,Microsoft-Windows-TerminalServices-LocalSessionManager,32,None,Plugin RDSAppXPlugin has been successfully initialized
Information,11/1/2022 10:44:57 AM,Microsoft-Windows-TerminalServices-RemoteConnectionManager,1149,None,"Remote Desktop Services: User authentication succeeded:

User: administrator
Domain: MicrosoftAccount
Source Network Address: 192.168.22.1"
Information,11/1/2022 10:44:57 AM,Microsoft-Windows-TerminalServices-RemoteConnectionManager,261,None,Listener RDP-Tcp received a connection
Information,11/1/2022 10:44:50 AM,Microsoft-Windows-TerminalServices-RemoteConnectionManager,261,None,Listener RDP-Tcp received a connection
Information,11/1/2022 4:30:43 PM,Microsoft-Windows-TerminalServices-RemoteConnectionManager,263,None,WDDM graphics mode is enabled
Information,11/1/2022 4:30:43 PM,Microsoft-Windows-TerminalServices-RemoteConnectionManager,1136,None,RD Session Host Server role is not installed.
Information,11/1/2022 4:30:42 PM,Microsoft-Windows-TerminalServices-RemoteConnectionManager,263,None,WDDM graphics mode is enabled
Information,11/1/2022 4:30:42 PM,Microsoft-Windows-TerminalServices-RemoteConnectionManager,263,None,WDDM graphics mode is enabled
Information,11/1/2022 4:30:42 PM,Microsoft-Windows-TerminalServices-RemoteConnectionManager,263,None,WDDM graphics mode is enabled
Information,11/1/2022 4:30:42 PM,Microsoft-Windows-TerminalServices-RemoteConnectionManager,263,None,WDDM graphics mode is enabled
Information,11/1/2022 4:30:42 PM,Microsoft-Windows-TerminalServices-RemoteConnectionManager,258,None,Listener RDP-Tcp has started listening
Information,11/1/2022 4:30:40 PM,Microsoft-Windows-TerminalServices-RemoteConnectionManager,20523,None,Connection from listener RDP-Tcp will have terminal class of {5828227c-20cf-4408-b73f-73ab70b8849f}
Information,11/1/2022 4:30:39 PM,Microsoft-Windows-TerminalServices-RemoteConnectionManager,263,None,WDDM graphics mode is enabled
Information,11/1/2022 8:28:21 AM,Microsoft-Windows-TerminalServices-LocalSessionManager,54,None,Local multi-user session manager received system shutdown message
Information,11/1/2022 8:28:20 AM,Microsoft-Windows-TerminalServices-LocalSessionManager,23,None,"Remote Desktop Services: Session logoff succeeded:

User: WIN-LQJ87IMDJA3\Administrator
Session ID: 1"
Information,11/1/2022 7:41:32 AM,Microsoft-Windows-TerminalServices-LocalSessionManager,42,None,"End session arbitration:

User: WIN-LQJ87IMDJA3\Administrator
Session ID: 2"
Information,11/1/2022 7:41:32 AM,Microsoft-Windows-TerminalServices-LocalSessionManager,25,None,"Remote Desktop Services: Session reconnection succeeded:

User: WIN-LQJ87IMDJA3\Administrator
Session ID: 1
Source Network Address: LOCAL"
Information,11/1/2022 7:41:32 AM,Microsoft-Windows-TerminalServices-LocalSessionManager,40,None,"Session 1 has been disconnected, reason code 5"
Information,11/1/2022 7:41:31 AM,Microsoft-Windows-TerminalServices-LocalSessionManager,40,None,"Session 2 has been disconnected, reason code 0"
Information,11/1/2022 7:41:31 AM,Microsoft-Windows-TerminalServices-LocalSessionManager,41,None,"Begin session arbitration:

User: WIN-LQJ87IMDJA3\Administrator
Session ID: 2"
Information,11/1/2022 7:41:14 AM,Microsoft-Windows-TerminalServices-RemoteConnectionManager,263,None,WDDM graphics mode is enabled
Information,11/1/2022 7:41:13 AM,Microsoft-Windows-TerminalServices-LocalSessionManager,24,None,"Remote Desktop Services: Session has been disconnected:

User: WIN-LQJ87IMDJA3\Administrator
Session ID: 1
Source Network Address: 192.168.22.1"
Information,11/1/2022 7:41:12 AM,Microsoft-Windows-TerminalServices-LocalSessionManager,40,None,"Session 1 has been disconnected, reason code 2147952454"
Information,11/1/2022 7:40:45 AM,Microsoft-Windows-TerminalServices-LocalSessionManager,25,None,"Remote Desktop Services: Session reconnection succeeded:

User: WIN-LQJ87IMDJA3\Administrator
Session ID: 1
Source Network Address: 192.168.22.1"
Information,11/1/2022 7:40:42 AM,Microsoft-Windows-TerminalServices-LocalSessionManager,24,None,"Remote Desktop Services: Session has been disconnected:

User: WIN-LQJ87IMDJA3\Administrator
Session ID: 1
Source Network Address: LOCAL"
Information,11/1/2022 7:40:41 AM,Microsoft-Windows-TerminalServices-LocalSessionManager,40,None,"Session 1 has been disconnected, reason code 5"
Information,11/1/2022 3:13:19 PM,Microsoft-Windows-TerminalServices-LocalSessionManager,22,None,"Remote Desktop Services: Shell start notification received:

User: WIN-LQJ87IMDJA3\Administrator
Session ID: 1
Source Network Address: LOCAL"
Information,11/1/2022 3:13:18 PM,Microsoft-Windows-TerminalServices-LocalSessionManager,21,None,"Remote Desktop Services: Session logon succeeded:

User: WIN-LQJ87IMDJA3\Administrator
Session ID: 1
Source Network Address: LOCAL"
Information,11/1/2022 3:13:16 PM,Microsoft-Windows-TerminalServices-LocalSessionManager,42,None,"End session arbitration:

User: WIN-LQJ87IMDJA3\Administrator
Session ID: 1"
Information,11/1/2022 3:13:15 PM,Microsoft-Windows-TerminalServices-LocalSessionManager,41,None,"Begin session arbitration:

User: WIN-LQJ87IMDJA3\Administrator
Session ID: 1"
Information,11/1/2022 3:12:50 PM,Microsoft-Windows-TerminalServices-LocalSessionManager,32,None,Plugin RDSAppXPlugin has been successfully initialized
Information,11/1/2022 7:40:41 AM,Microsoft-Windows-TerminalServices-RemoteConnectionManager,1149,None,"Remote Desktop Services: User authentication succeeded:

User: administrator
Domain: MicrosoftAccount
Source Network Address: 192.168.22.1"
Information,11/1/2022 7:40:41 AM,Microsoft-Windows-TerminalServices-RemoteConnectionManager,261,None,Listener RDP-Tcp received a connection
Information,11/1/2022 7:40:22 AM,Microsoft-Windows-TerminalServices-RemoteConnectionManager,261,None,Listener RDP-Tcp received a connection
Information,11/1/2022 7:40:18 AM,Microsoft-Windows-TerminalServices-RemoteConnectionManager,263,None,WDDM graphics mode is enabled
Information,11/1/2022 7:40:18 AM,Microsoft-Windows-TerminalServices-RemoteConnectionManager,263,None,WDDM graphics mode is enabled
Information,11/1/2022 7:40:18 AM,Microsoft-Windows-TerminalServices-RemoteConnectionManager,263,None,WDDM graphics mode is enabled
Information,11/1/2022 7:40:18 AM,Microsoft-Windows-TerminalServices-RemoteConnectionManager,263,None,WDDM graphics mode is enabled
Information,11/1/2022 7:40:17 AM,Microsoft-Windows-TerminalServices-RemoteConnectionManager,1136,None,RD Session Host Server role is not installed.
Information,11/1/2022 7:40:17 AM,Microsoft-Windows-TerminalServices-RemoteConnectionManager,263,None,WDDM graphics mode is enabled
Information,11/1/2022 7:40:17 AM,Microsoft-Windows-TerminalServices-RemoteConnectionManager,263,None,WDDM graphics mode is enabled
Information,11/1/2022 7:40:17 AM,Microsoft-Windows-TerminalServices-RemoteConnectionManager,258,None,Listener RDP-Tcp has started listening
Information,11/1/2022 7:40:16 AM,Microsoft-Windows-TerminalServices-RemoteConnectionManager,20523,None,Connection from listener RDP-Tcp will have terminal class of {5828227c-20cf-4408-b73f-73ab70b8849f}
Information,11/1/2022 7:40:16 AM,Microsoft-Windows-TerminalServices-RemoteConnectionManager,263,None,WDDM graphics mode is enabled
Information,11/1/2022 7:07:35 AM,Microsoft-Windows-TerminalServices-LocalSessionManager,22,None,"Remote Desktop Services: Shell start notification received:

User: WIN-LQJ87IMDJA3\Administrator
Session ID: 1
Source Network Address: LOCAL"
Information,11/1/2022 7:07:32 AM,Microsoft-Windows-TerminalServices-LocalSessionManager,21,None,"Remote Desktop Services: Session logon succeeded:

User: WIN-LQJ87IMDJA3\Administrator
Session ID: 1
Source Network Address: LOCAL"
Information,11/1/2022 7:07:29 AM,Microsoft-Windows-TerminalServices-LocalSessionManager,42,None,"End session arbitration:

User: WIN-LQJ87IMDJA3\Administrator
Session ID: 1"
Information,11/1/2022 7:07:29 AM,Microsoft-Windows-TerminalServices-LocalSessionManager,41,None,"Begin session arbitration:

User: WIN-LQJ87IMDJA3\Administrator
Session ID: 1"
Information,11/1/2022 3:03:12 PM,Microsoft-Windows-TerminalServices-LocalSessionManager,32,None,Plugin RDSAppXPlugin has been successfully initialized
Information,10/29/2022 10:58:45 AM,Microsoft-Windows-TerminalServices-LocalSessionManager,54,None,Local multi-user session manager received system shutdown message
Information,10/29/2022 10:58:44 AM,Microsoft-Windows-TerminalServices-LocalSessionManager,23,None,"Remote Desktop Services: Session logoff succeeded:

User: WIN-LQJ87IMDJA3\Administrator
Session ID: 1"
Information,10/29/2022 7:47:56 PM,Microsoft-Windows-TerminalServices-LocalSessionManager,22,None,"Remote Desktop Services: Shell start notification received:

User: WIN-LQJ87IMDJA3\Administrator
Session ID: 1
Source Network Address: LOCAL"
Information,10/29/2022 7:47:53 PM,Microsoft-Windows-TerminalServices-LocalSessionManager,21,None,"Remote Desktop Services: Session logon succeeded:

User: WIN-LQJ87IMDJA3\Administrator
Session ID: 1
Source Network Address: LOCAL"
Information,10/29/2022 7:47:51 PM,Microsoft-Windows-TerminalServices-LocalSessionManager,42,None,"End session arbitration:

User: WIN-LQJ87IMDJA3\Administrator
Session ID: 1"
Information,10/29/2022 7:47:51 PM,Microsoft-Windows-TerminalServices-LocalSessionManager,41,None,"Begin session arbitration:

User: WIN-LQJ87IMDJA3\Administrator
Session ID: 1"
Information,10/29/2022 7:44:57 PM,Microsoft-Windows-TerminalServices-LocalSessionManager,32,None,Plugin RDSAppXPlugin has been successfully initialized
Information,10/1/2022 10:47:13 AM,Microsoft-Windows-TerminalServices-LocalSessionManager,54,None,Local multi-user session manager received system shutdown message
Information,10/1/2022 10:47:12 AM,Microsoft-Windows-TerminalServices-LocalSessionManager,23,None,"Remote Desktop Services: Session logoff succeeded:

User: WIN-LQJ87IMDJA3\Administrator
Session ID: 1"
Information,10/1/2022 8:50:52 AM,Microsoft-Windows-TerminalServices-LocalSessionManager,22,None,"Remote Desktop Services: Shell start notification received:

User: WIN-LQJ87IMDJA3\Administrator
Session ID: 1
Source Network Address: LOCAL"
Information,10/1/2022 8:50:50 AM,Microsoft-Windows-TerminalServices-LocalSessionManager,21,None,"Remote Desktop Services: Session logon succeeded:

User: WIN-LQJ87IMDJA3\Administrator
Session ID: 1
Source Network Address: LOCAL"
Information,10/1/2022 8:50:41 AM,Microsoft-Windows-TerminalServices-LocalSessionManager,42,None,"End session arbitration:

User: WIN-LQJ87IMDJA3\Administrator
Session ID: 1"
Information,10/1/2022 8:50:41 AM,Microsoft-Windows-TerminalServices-LocalSessionManager,41,None,"Begin session arbitration:

User: WIN-LQJ87IMDJA3\Administrator
Session ID: 1"
Information,10/1/2022 8:49:53 AM,Microsoft-Windows-TerminalServices-LocalSessionManager,34,None,Remote Desktop Services is not accepting logons because setup is running.
Information,10/1/2022 8:46:30 AM,Microsoft-Windows-TerminalServices-LocalSessionManager,34,None,Remote Desktop Services is not accepting logons because setup is running.
Information,10/1/2022 8:46:29 AM,Microsoft-Windows-TerminalServices-LocalSessionManager,34,None,Remote Desktop Services is not accepting logons because setup is running.
Information,10/1/2022 8:46:29 AM,Microsoft-Windows-TerminalServices-LocalSessionManager,34,None,Remote Desktop Services is not accepting logons because setup is running.
Information,10/1/2022 8:46:29 AM,Microsoft-Windows-TerminalServices-LocalSessionManager,34,None,Remote Desktop Services is not accepting logons because setup is running.
Information,10/1/2022 8:46:22 AM,Microsoft-Windows-TerminalServices-LocalSessionManager,34,None,Remote Desktop Services is not accepting logons because setup is running.
Information,10/1/2022 8:46:22 AM,Microsoft-Windows-TerminalServices-LocalSessionManager,34,None,Remote Desktop Services is not accepting logons because setup is running.
Information,10/1/2022 8:46:22 AM,Microsoft-Windows-TerminalServices-LocalSessionManager,34,None,Remote Desktop Services is not accepting logons because setup is running.
Information,10/1/2022 8:46:22 AM,Microsoft-Windows-TerminalServices-LocalSessionManager,34,None,Remote Desktop Services is not accepting logons because setup is running.
Information,10/1/2022 8:46:22 AM,Microsoft-Windows-TerminalServices-LocalSessionManager,32,None,Plugin RDSAppXPlugin has been successfully initialized
Information,10/1/2022 8:46:22 AM,Microsoft-Windows-TerminalServices-LocalSessionManager,34,None,Remote Desktop Services is not accepting logons because setup is running.
Information,10/1/2022 8:45:26 AM,Microsoft-Windows-TerminalServices-LocalSessionManager,54,None,Local multi-user session manager received system shutdown message
Information,10/1/2022 8:45:26 AM,Microsoft-Windows-TerminalServices-LocalSessionManager,34,None,Remote Desktop Services is not accepting logons because setup is running.
Information,10/1/2022 8:45:26 AM,Microsoft-Windows-TerminalServices-LocalSessionManager,34,None,Remote Desktop Services is not accepting logons because setup is running.
Information,10/1/2022 8:45:26 AM,Microsoft-Windows-TerminalServices-LocalSessionManager,34,None,Remote Desktop Services is not accepting logons because setup is running.
Information,10/1/2022 8:45:08 AM,Microsoft-Windows-TerminalServices-LocalSessionManager,34,None,Remote Desktop Services is not accepting logons because setup is running.
Information,10/1/2022 5:40:09 PM,Microsoft-Windows-TerminalServices-LocalSessionManager,34,None,Remote Desktop Services is not accepting logons because setup is running.
Information,10/1/2022 5:40:07 PM,Microsoft-Windows-TerminalServices-LocalSessionManager,34,None,Remote Desktop Services is not accepting logons because setup is running.
Information,10/1/2022 5:39:50 PM,Microsoft-Windows-TerminalServices-LocalSessionManager,34,None,Remote Desktop Services is not accepting logons because setup is running.
Information,10/1/2022 5:39:48 PM,Microsoft-Windows-TerminalServices-LocalSessionManager,34,None,Remote Desktop Services is not accepting logons because setup is running.
Information,10/1/2022 5:39:48 PM,Microsoft-Windows-TerminalServices-LocalSessionManager,34,None,Remote Desktop Services is not accepting logons because setup is running.
Information,10/1/2022 5:39:47 PM,Microsoft-Windows-TerminalServices-LocalSessionManager,34,None,Remote Desktop Services is not accepting logons because setup is running.
Information,10/1/2022 5:39:47 PM,Microsoft-Windows-TerminalServices-LocalSessionManager,34,None,Remote Desktop Services is not accepting logons because setup is running.
Information,10/1/2022 5:39:20 PM,Microsoft-Windows-TerminalServices-LocalSessionManager,34,None,Remote Desktop Services is not accepting logons because setup is running.
Information,10/1/2022 5:39:20 PM,Microsoft-Windows-TerminalServices-LocalSessionManager,34,None,Remote Desktop Services is not accepting logons because setup is running.
Information,10/1/2022 5:39:20 PM,Microsoft-Windows-TerminalServices-LocalSessionManager,34,None,Remote Desktop Services is not accepting logons because setup is running.
Information,10/1/2022 5:39:20 PM,Microsoft-Windows-TerminalServices-LocalSessionManager,34,None,Remote Desktop Services is not accepting logons because setup is running.
Information,10/1/2022 5:39:20 PM,Microsoft-Windows-TerminalServices-LocalSessionManager,32,None,Plugin RDSAppXPlugin has been successfully initialized
Information,10/1/2022 5:39:20 PM,Microsoft-Windows-TerminalServices-LocalSessionManager,34,None,Remote Desktop Services is not accepting logons because setup is running.
